DEB [20241025-15:05:22.818] thr=1   paramiko.transport: starting thread (client mode): 0x1f8f0cd0
DEB [20241025-15:05:22.819] thr=1   paramiko.transport: Local version/idstring: SSH-2.0-paramiko_3.5.0
DEB [20241025-15:05:22.934] thr=1   paramiko.transport: Remote version/idstring: SSH-2.0-OpenSSH_7.9p1 Debian-10+deb10u2
INF [20241025-15:05:22.934] thr=1   paramiko.transport: Connected (version 2.0, client OpenSSH_7.9p1)
DEB [20241025-15:05:23.036] thr=1   paramiko.transport: === Key exchange possibilities ===
DEB [20241025-15:05:23.036] thr=1   paramiko.transport: kex algos: curve25519-sha256, curve25519-sha256@libssh.org, ecdh-sha2-nistp256, ecdh-sha2-nistp384, ecdh-sha2-nistp521, diffie-hellman-group-exchange-sha256, diffie-hellman-group16-sha512, diffie-hellman-group18-sha512, diffie-hellman-group14-sha256, diffie-hellman-group14-sha1
DEB [20241025-15:05:23.036] thr=1   paramiko.transport: server key: ssh-ed25519, rsa-sha2-512, rsa-sha2-256, ssh-rsa
DEB [20241025-15:05:23.037] thr=1   paramiko.transport: client encrypt: chacha20-poly1305@openssh.com, aes128-ctr, aes192-ctr, aes256-ctr, aes128-gcm@openssh.com, aes256-gcm@openssh.com
DEB [20241025-15:05:23.037] thr=1   paramiko.transport: server encrypt: chacha20-poly1305@openssh.com, aes128-ctr, aes192-ctr, aes256-ctr, aes128-gcm@openssh.com, aes256-gcm@openssh.com
DEB [20241025-15:05:23.037] thr=1   paramiko.transport: client mac: umac-64-etm@openssh.com, umac-128-etm@openssh.com, hmac-sha2-256-etm@openssh.com, hmac-sha2-512-etm@openssh.com, hmac-sha1-etm@openssh.com, umac-64@openssh.com, umac-128@openssh.com, hmac-sha2-256, hmac-sha2-512, hmac-sha1
DEB [20241025-15:05:23.037] thr=1   paramiko.transport: server mac: umac-64-etm@openssh.com, umac-128-etm@openssh.com, hmac-sha2-256-etm@openssh.com, hmac-sha2-512-etm@openssh.com, hmac-sha1-etm@openssh.com, umac-64@openssh.com, umac-128@openssh.com, hmac-sha2-256, hmac-sha2-512, hmac-sha1
DEB [20241025-15:05:23.037] thr=1   paramiko.transport: client compress: none, zlib@openssh.com
DEB [20241025-15:05:23.037] thr=1   paramiko.transport: server compress: none, zlib@openssh.com
DEB [20241025-15:05:23.037] thr=1   paramiko.transport: client lang: <none>
DEB [20241025-15:05:23.037] thr=1   paramiko.transport: server lang: <none>
DEB [20241025-15:05:23.037] thr=1   paramiko.transport: kex follows: False
DEB [20241025-15:05:23.037] thr=1   paramiko.transport: === Key exchange agreements ===
DEB [20241025-15:05:23.037] thr=1   paramiko.transport: Kex: curve25519-sha256@libssh.org
DEB [20241025-15:05:23.037] thr=1   paramiko.transport: HostKey: ssh-ed25519
DEB [20241025-15:05:23.037] thr=1   paramiko.transport: Cipher: aes128-ctr
DEB [20241025-15:05:23.037] thr=1   paramiko.transport: MAC: hmac-sha2-256
DEB [20241025-15:05:23.037] thr=1   paramiko.transport: Compression: none
DEB [20241025-15:05:23.037] thr=1   paramiko.transport: === End of kex handshake ===
DEB [20241025-15:05:23.143] thr=1   paramiko.transport: kex engine KexCurve25519 specified hash_algo <built-in function openssl_sha256>
DEB [20241025-15:05:23.143] thr=1   paramiko.transport: Switch to new keys ...
DEB [20241025-15:05:23.144] thr=2   paramiko.transport: Attempting password auth...
DEB [20241025-15:05:23.144] thr=1   paramiko.transport: Got EXT_INFO: {'server-sig-algs': b'ssh-ed25519,ssh-rsa,rsa-sha2-256,rsa-sha2-512,ssh-dss,ecdsa-sha2-nistp256,ecdsa-sha2-nistp384,ecdsa-sha2-nistp521'}
DEB [20241025-15:05:23.362] thr=1   paramiko.transport: userauth is OK
INF [20241025-15:05:23.463] thr=1   paramiko.transport: Authentication (password) successful!
DEB [20241025-15:05:23.463] thr=2   paramiko.transport: [chan 0] Max packet in: 32768 bytes
DEB [20241025-15:05:23.555] thr=1   paramiko.transport: Received global request "hostkeys-00@openssh.com"
DEB [20241025-15:05:23.555] thr=1   paramiko.transport: Rejecting "hostkeys-00@openssh.com" global request from server.
DEB [20241025-15:05:23.699] thr=1   paramiko.transport: [chan 0] Max packet out: 32768 bytes
DEB [20241025-15:05:23.699] thr=1   paramiko.transport: Secsh channel 0 opened.
DEB [20241025-15:05:23.790] thr=1   paramiko.transport: [chan 0] Sesch channel 0 request ok
INF [20241025-15:05:26.667] thr=2   paramiko.transport.sftp: [chan 0] Opened sftp connection (server version 3)
DEB [20241025-15:05:26.668] thr=2   paramiko.transport.sftp: [chan 0] open(b'/swiftuser4/MX/toswift/SU4.xml', 'wb')
DEB [20241025-15:05:26.758] thr=2   paramiko.transport.sftp: [chan 0] open(b'/swiftuser4/MX/toswift/SU4.xml', 'wb') -> 00000000
DEB [20241025-15:05:26.759] thr=2   paramiko.transport.sftp: [chan 0] close(00000000)
DEB [20241025-15:05:26.949] thr=2   paramiko.transport.sftp: [chan 0] stat(b'/swiftuser4/MX/toswift/SU4.xml')
INF [20241025-15:05:27.083] thr=2   paramiko.transport.sftp: [chan 0] sftp session closed.
DEB [20241025-15:05:27.083] thr=2   paramiko.transport: [chan 0] EOF sent (0)
DEB [20241028-11:47:34.730] thr=1   paramiko.transport: starting thread (client mode): 0x5db70d50
DEB [20241028-11:47:34.732] thr=1   paramiko.transport: Local version/idstring: SSH-2.0-paramiko_3.5.0
DEB [20241028-11:47:34.864] thr=1   paramiko.transport: Remote version/idstring: SSH-2.0-OpenSSH_7.9p1 Debian-10+deb10u2
INF [20241028-11:47:34.865] thr=1   paramiko.transport: Connected (version 2.0, client OpenSSH_7.9p1)
DEB [20241028-11:47:35.012] thr=1   paramiko.transport: === Key exchange possibilities ===
DEB [20241028-11:47:35.013] thr=1   paramiko.transport: kex algos: curve25519-sha256, curve25519-sha256@libssh.org, ecdh-sha2-nistp256, ecdh-sha2-nistp384, ecdh-sha2-nistp521, diffie-hellman-group-exchange-sha256, diffie-hellman-group16-sha512, diffie-hellman-group18-sha512, diffie-hellman-group14-sha256, diffie-hellman-group14-sha1
DEB [20241028-11:47:35.013] thr=1   paramiko.transport: server key: ssh-ed25519, rsa-sha2-512, rsa-sha2-256, ssh-rsa
DEB [20241028-11:47:35.013] thr=1   paramiko.transport: client encrypt: chacha20-poly1305@openssh.com, aes128-ctr, aes192-ctr, aes256-ctr, aes128-gcm@openssh.com, aes256-gcm@openssh.com
DEB [20241028-11:47:35.014] thr=1   paramiko.transport: server encrypt: chacha20-poly1305@openssh.com, aes128-ctr, aes192-ctr, aes256-ctr, aes128-gcm@openssh.com, aes256-gcm@openssh.com
DEB [20241028-11:47:35.014] thr=1   paramiko.transport: client mac: umac-64-etm@openssh.com, umac-128-etm@openssh.com, hmac-sha2-256-etm@openssh.com, hmac-sha2-512-etm@openssh.com, hmac-sha1-etm@openssh.com, umac-64@openssh.com, umac-128@openssh.com, hmac-sha2-256, hmac-sha2-512, hmac-sha1
DEB [20241028-11:47:35.014] thr=1   paramiko.transport: server mac: umac-64-etm@openssh.com, umac-128-etm@openssh.com, hmac-sha2-256-etm@openssh.com, hmac-sha2-512-etm@openssh.com, hmac-sha1-etm@openssh.com, umac-64@openssh.com, umac-128@openssh.com, hmac-sha2-256, hmac-sha2-512, hmac-sha1
DEB [20241028-11:47:35.014] thr=1   paramiko.transport: client compress: none, zlib@openssh.com
DEB [20241028-11:47:35.015] thr=1   paramiko.transport: server compress: none, zlib@openssh.com
DEB [20241028-11:47:35.015] thr=1   paramiko.transport: client lang: <none>
DEB [20241028-11:47:35.015] thr=1   paramiko.transport: server lang: <none>
DEB [20241028-11:47:35.015] thr=1   paramiko.transport: kex follows: False
DEB [20241028-11:47:35.015] thr=1   paramiko.transport: === Key exchange agreements ===
DEB [20241028-11:47:35.015] thr=1   paramiko.transport: Kex: curve25519-sha256@libssh.org
DEB [20241028-11:47:35.015] thr=1   paramiko.transport: HostKey: ssh-ed25519
DEB [20241028-11:47:35.015] thr=1   paramiko.transport: Cipher: aes128-ctr
DEB [20241028-11:47:35.015] thr=1   paramiko.transport: MAC: hmac-sha2-256
DEB [20241028-11:47:35.016] thr=1   paramiko.transport: Compression: none
DEB [20241028-11:47:35.016] thr=1   paramiko.transport: === End of kex handshake ===
DEB [20241028-11:47:35.132] thr=1   paramiko.transport: kex engine KexCurve25519 specified hash_algo <built-in function openssl_sha256>
DEB [20241028-11:47:35.135] thr=1   paramiko.transport: Switch to new keys ...
DEB [20241028-11:47:35.136] thr=2   paramiko.transport: Attempting password auth...
DEB [20241028-11:47:35.136] thr=1   paramiko.transport: Got EXT_INFO: {'server-sig-algs': b'ssh-ed25519,ssh-rsa,rsa-sha2-256,rsa-sha2-512,ssh-dss,ecdsa-sha2-nistp256,ecdsa-sha2-nistp384,ecdsa-sha2-nistp521'}
DEB [20241028-11:47:35.400] thr=1   paramiko.transport: userauth is OK
INF [20241028-11:47:35.528] thr=1   paramiko.transport: Authentication (password) successful!
DEB [20241028-11:47:35.529] thr=2   paramiko.transport: [chan 0] Max packet in: 32768 bytes
DEB [20241028-11:47:35.617] thr=1   paramiko.transport: Received global request "hostkeys-00@openssh.com"
DEB [20241028-11:47:35.617] thr=1   paramiko.transport: Rejecting "hostkeys-00@openssh.com" global request from server.
DEB [20241028-11:47:35.746] thr=1   paramiko.transport: [chan 0] Max packet out: 32768 bytes
DEB [20241028-11:47:35.746] thr=1   paramiko.transport: Secsh channel 0 opened.
DEB [20241028-11:47:35.836] thr=1   paramiko.transport: [chan 0] Sesch channel 0 request ok
INF [20241028-11:47:38.680] thr=2   paramiko.transport.sftp: [chan 0] Opened sftp connection (server version 3)
DEB [20241028-11:47:38.682] thr=2   paramiko.transport.sftp: [chan 0] open(b'/swiftuser4/MX/toswift/SU4.xml', 'wb')
DEB [20241028-11:47:38.771] thr=2   paramiko.transport.sftp: [chan 0] open(b'/swiftuser4/MX/toswift/SU4.xml', 'wb') -> 00000000
DEB [20241028-11:47:38.772] thr=2   paramiko.transport.sftp: [chan 0] close(00000000)
DEB [20241028-11:47:38.969] thr=2   paramiko.transport.sftp: [chan 0] stat(b'/swiftuser4/MX/toswift/SU4.xml')
INF [20241028-11:47:39.061] thr=2   paramiko.transport.sftp: [chan 0] sftp session closed.
DEB [20241028-11:47:39.062] thr=2   paramiko.transport: [chan 0] EOF sent (0)
DEB [20241028-12:26:33.556] thr=1   paramiko.transport: starting thread (client mode): 0x10a90d50
DEB [20241028-12:26:33.557] thr=1   paramiko.transport: Local version/idstring: SSH-2.0-paramiko_3.5.0
DEB [20241028-12:26:34.240] thr=1   paramiko.transport: Remote version/idstring: SSH-2.0-OpenSSH_7.9p1 Debian-10+deb10u2
INF [20241028-12:26:34.240] thr=1   paramiko.transport: Connected (version 2.0, client OpenSSH_7.9p1)
DEB [20241028-12:26:34.241] thr=1   paramiko.transport: === Key exchange possibilities ===
DEB [20241028-12:26:34.242] thr=1   paramiko.transport: kex algos: curve25519-sha256, curve25519-sha256@libssh.org, ecdh-sha2-nistp256, ecdh-sha2-nistp384, ecdh-sha2-nistp521, diffie-hellman-group-exchange-sha256, diffie-hellman-group16-sha512, diffie-hellman-group18-sha512, diffie-hellman-group14-sha256, diffie-hellman-group14-sha1
DEB [20241028-12:26:34.242] thr=1   paramiko.transport: server key: ssh-ed25519, rsa-sha2-512, rsa-sha2-256, ssh-rsa
DEB [20241028-12:26:34.242] thr=1   paramiko.transport: client encrypt: chacha20-poly1305@openssh.com, aes128-ctr, aes192-ctr, aes256-ctr, aes128-gcm@openssh.com, aes256-gcm@openssh.com
DEB [20241028-12:26:34.242] thr=1   paramiko.transport: server encrypt: chacha20-poly1305@openssh.com, aes128-ctr, aes192-ctr, aes256-ctr, aes128-gcm@openssh.com, aes256-gcm@openssh.com
DEB [20241028-12:26:34.243] thr=1   paramiko.transport: client mac: umac-64-etm@openssh.com, umac-128-etm@openssh.com, hmac-sha2-256-etm@openssh.com, hmac-sha2-512-etm@openssh.com, hmac-sha1-etm@openssh.com, umac-64@openssh.com, umac-128@openssh.com, hmac-sha2-256, hmac-sha2-512, hmac-sha1
DEB [20241028-12:26:34.243] thr=1   paramiko.transport: server mac: umac-64-etm@openssh.com, umac-128-etm@openssh.com, hmac-sha2-256-etm@openssh.com, hmac-sha2-512-etm@openssh.com, hmac-sha1-etm@openssh.com, umac-64@openssh.com, umac-128@openssh.com, hmac-sha2-256, hmac-sha2-512, hmac-sha1
DEB [20241028-12:26:34.243] thr=1   paramiko.transport: client compress: none, zlib@openssh.com
DEB [20241028-12:26:34.243] thr=1   paramiko.transport: server compress: none, zlib@openssh.com
DEB [20241028-12:26:34.243] thr=1   paramiko.transport: client lang: <none>
DEB [20241028-12:26:34.243] thr=1   paramiko.transport: server lang: <none>
DEB [20241028-12:26:34.243] thr=1   paramiko.transport: kex follows: False
DEB [20241028-12:26:34.243] thr=1   paramiko.transport: === Key exchange agreements ===
DEB [20241028-12:26:34.244] thr=1   paramiko.transport: Kex: curve25519-sha256@libssh.org
DEB [20241028-12:26:34.244] thr=1   paramiko.transport: HostKey: ssh-ed25519
DEB [20241028-12:26:34.244] thr=1   paramiko.transport: Cipher: aes128-ctr
DEB [20241028-12:26:34.244] thr=1   paramiko.transport: MAC: hmac-sha2-256
DEB [20241028-12:26:34.244] thr=1   paramiko.transport: Compression: none
DEB [20241028-12:26:34.244] thr=1   paramiko.transport: === End of kex handshake ===
DEB [20241028-12:26:34.552] thr=1   paramiko.transport: kex engine KexCurve25519 specified hash_algo <built-in function openssl_sha256>
DEB [20241028-12:26:34.553] thr=1   paramiko.transport: Switch to new keys ...
DEB [20241028-12:26:34.553] thr=1   paramiko.transport: Got EXT_INFO: {'server-sig-algs': b'ssh-ed25519,ssh-rsa,rsa-sha2-256,rsa-sha2-512,ssh-dss,ecdsa-sha2-nistp256,ecdsa-sha2-nistp384,ecdsa-sha2-nistp521'}
DEB [20241028-12:26:34.553] thr=2   paramiko.transport: Attempting password auth...
DEB [20241028-12:26:34.814] thr=1   paramiko.transport: userauth is OK
INF [20241028-12:26:34.913] thr=1   paramiko.transport: Authentication (password) successful!
DEB [20241028-12:26:34.914] thr=2   paramiko.transport: [chan 0] Max packet in: 32768 bytes
DEB [20241028-12:26:35.003] thr=1   paramiko.transport: Received global request "hostkeys-00@openssh.com"
DEB [20241028-12:26:35.003] thr=1   paramiko.transport: Rejecting "hostkeys-00@openssh.com" global request from server.
DEB [20241028-12:26:35.137] thr=1   paramiko.transport: [chan 0] Max packet out: 32768 bytes
DEB [20241028-12:26:35.137] thr=1   paramiko.transport: Secsh channel 0 opened.
DEB [20241028-12:26:35.229] thr=1   paramiko.transport: [chan 0] Sesch channel 0 request ok
INF [20241028-12:26:38.171] thr=2   paramiko.transport.sftp: [chan 0] Opened sftp connection (server version 3)
DEB [20241028-12:26:38.171] thr=2   paramiko.transport.sftp: [chan 0] open(b'/swiftuser4/MX/toswift/SU4.xml', 'wb')
DEB [20241028-12:26:38.267] thr=2   paramiko.transport.sftp: [chan 0] open(b'/swiftuser4/MX/toswift/SU4.xml', 'wb') -> 00000000
DEB [20241028-12:26:38.267] thr=2   paramiko.transport.sftp: [chan 0] close(00000000)
DEB [20241028-12:26:38.456] thr=2   paramiko.transport.sftp: [chan 0] stat(b'/swiftuser4/MX/toswift/SU4.xml')
INF [20241028-12:26:38.544] thr=2   paramiko.transport.sftp: [chan 0] sftp session closed.
DEB [20241028-12:26:38.545] thr=2   paramiko.transport: [chan 0] EOF sent (0)
